<?xml version="1.0" encoding="UTF-8"?>
<!-- Generated by org.testng.reporters.JUnitReportReporter -->
<testsuite hostname="DESKTOP-KR7E8UK" failures="0" tests="1" name="automationFramework.PageObjectModel" time="15.670" errors="0" timestamp="2023-07-13T12:19:46 EDT" skipped="0">
  <testcase classname="automationFramework.PageObjectModel" name="login" time="15.670"/>
  <system-out/>
</testsuite> <!-- automationFramework.PageObjectModel -->
